[debug] [2019-03-06T06:35:34.631Z] ----------------------------------------------------------------------
[debug] [2019-03-06T06:35:34.632Z] Command:       /usr/local/bin/node /usr/local/bin/firebase use --add
[debug] [2019-03-06T06:35:34.633Z] CLI Version:   6.4.0
[debug] [2019-03-06T06:35:34.633Z] Platform:      darwin
[debug] [2019-03-06T06:35:34.633Z] Node Version:  v8.12.0
[debug] [2019-03-06T06:35:34.633Z] Time:          Tue Mar 05 2019 22:35:34 GMT-0800 (PST)
[debug] [2019-03-06T06:35:34.633Z] ----------------------------------------------------------------------
[debug] 
[debug] [2019-03-06T06:35:34.639Z] > command requires scopes: ["email","openid","https://www.googleapis.com/auth/cloudplatformprojects.readonly","https://www.googleapis.com/auth/firebase","https://www.googleapis.com/auth/cloud-platform"]
[debug] [2019-03-06T06:35:34.640Z] > authorizing via signed-in user
[debug] [2019-03-06T06:35:34.641Z] >>> HTTP REQUEST GET https://admin.firebase.com/v1/projects  
 
[debug] [2019-03-06T06:35:35.209Z] <<< HTTP RESPONSE 200
[debug] [2019-03-06T06:35:38.404Z] TypeError: Cannot read property 'short' of undefined
    at Prompt.render (/usr/local/lib/node_modules/firebase-tools/node_modules/inquirer/lib/prompts/list.js:94:69)
    at Prompt.onSubmit (/usr/local/lib/node_modules/firebase-tools/node_modules/inquirer/lib/prompts/list.js:116:8)
    at AnonymousObserver.Rx.AnonymousObserver.AnonymousObserver.next (/usr/local/lib/node_modules/firebase-tools/node_modules/rx-lite/rx.lite.js:1535:12)
    at AnonymousObserver.Rx.internals.AbstractObserver.AbstractObserver.onNext (/usr/local/lib/node_modules/firebase-tools/node_modules/rx-lite/rx.lite.js:1469:31)
    at AnonymousObserver.tryCatcher (/usr/local/lib/node_modules/firebase-tools/node_modules/rx-lite/rx.lite.js:63:31)
    at AutoDetachObserverPrototype.next (/usr/local/lib/node_modules/firebase-tools/node_modules/rx-lite/rx.lite.js:5782:51)
    at AutoDetachObserver.Rx.internals.AbstractObserver.AbstractObserver.onNext (/usr/local/lib/node_modules/firebase-tools/node_modules/rx-lite/rx.lite.js:1469:31)
    at AnonymousObserver._onNext (/usr/local/lib/node_modules/firebase-tools/node_modules/rx-lite/rx.lite.js:4234:13)
    at AnonymousObserver.Rx.AnonymousObserver.AnonymousObserver.next (/usr/local/lib/node_modules/firebase-tools/node_modules/rx-lite/rx.lite.js:1535:12)
    at AnonymousObserver.Rx.internals.AbstractObserver.AbstractObserver.onNext (/usr/local/lib/node_modules/firebase-tools/node_modules/rx-lite/rx.lite.js:1469:31)
[error] 
[error] Error: An unexpected error has occurred.
